C51 COMPILER V9.54   DS1302                                                                03/31/2023 09:02:59 PAGE 1   


C51 COMPILER V9.54, COMPILATION OF MODULE DS1302
OBJECT MODULE PLACED IN .\Objects\DS1302.obj
COMPILER INVOKED BY: D:\51one-chip computer\C51\BIN\C51.EXE DS1302.c OPTIMIZE(8,SPEED) BROWSE DEBUG OBJECTEXTEND PRINT(.
                    -\Listings\DS1302.lst) OBJECT(.\Objects\DS1302.obj)

line level    source

   1          #include <REGX52.H>
   2          
   3          //å¼•è„šå®šä¹‰
   4          sbit DS1302_IO = P3^4;
   5          sbit DS1302_CE = P3^5;
   6          sbit DS1302_SCLK = P3^6;
   7          
   8          //å¯„å­˜å™¨å†™å…¥åœ°å€/æŒ‡ä»¤å®šä¹‰
   9          #define DS1302_SECOND   0x80
  10          #define DS1302_MINUTE   0x82
  11          #define DS1302_HOUR     0x84
  12          #define DS1302_DATE     0x86
  13          #define DS1302_MONTH    0x88
  14          #define DS1302_DAY      0x8A
  15          #define DS1302_YEAR     0x8C
  16          #define DS1302_WP       0x8E
  17          
  18          //æ—¶é—´æ•°ç»„ï¼Œç´¢å¼•0~6åˆ†åˆ«ä¸ºå¹´ã€æœˆã€æ—¥ã€æ—¶ã€åˆ†ã€ç§’ã€æ˜ŸæœŸï¼Œè®¾ç½®ä¸ºæœ‰ç¬¦å·çš„ä¾¿äº
             -<0çš„åˆ¤æ–­
  19          char DS1302_Time[] = {23, 3, 30, 12, 59, 59};
  20          
  21          /**
  22            * @brief  DS1302åˆå§‹åŒ–
  23            * @param  æ— 
  24            * @retval æ— 
  25            */    
  26          void DS1302_Init(void)
  27          {
  28   1              DS1302_CE = 0;
  29   1              DS1302_SCLK = 0;
  30   1      }
  31          
  32          /**
  33            * @brief  DS1302å†™ä¸€ä¸ªå­—èŠ‚
  34            * @param  Command å‘½ä»¤å­—/åœ°å€
  35            * @param  Data è¦å†™å…¥çš„æ•°æ®
  36            * @retval æ— 
  37            */
  38          void DS1302_Write(unsigned char Command, char Data)
  39          {
  40   1              unsigned char i = 0;
  41   1              DS1302_CE = 1;
  42   1              for(i = 0; i < 8; i++)
  43   1              {
  44   2                      DS1302_IO = Command & (0x01 << i);
  45   2                      DS1302_SCLK = 1;
  46   2                      DS1302_SCLK = 0;
  47   2              }
  48   1              for(i = 0; i < 8; i++)
  49   1              {
  50   2                      DS1302_IO = Data & (0x01 << i);
  51   2                      DS1302_SCLK = 1;
  52   2                      DS1302_SCLK = 0;
  53   2              }
C51 COMPILER V9.54   DS1302                                                                03/31/2023 09:02:59 PAGE 2   

  54   1              DS1302_CE = 0;
  55   1      }
  56          
  57          /**
  58            * @brief  DS1302è¯»ä¸€ä¸ªå­—èŠ‚
  59            * @param  Command å‘½ä»¤å­—/åœ°å€
  60            * @retval è¯»å‡ºçš„æ•°æ®
  61            */
  62          unsigned char DS1302_Read(unsigned char Command)
  63          {
  64   1              unsigned char i = 0;
  65   1              unsigned char Data = 0x00;
  66   1              Command |= 0x01;
  67   1              DS1302_CE = 1;
  68   1              for(i = 0; i < 8; i++)
  69   1              {
  70   2                      DS1302_IO = Command & (0x01 << i);
  71   2                      DS1302_SCLK = 0;
  72   2                      DS1302_SCLK = 1;
  73   2              }
  74   1              for(i = 0; i < 8; i++)
  75   1              {
  76   2                      DS1302_SCLK = 1;
  77   2                      DS1302_SCLK = 0;
  78   2                      if(DS1302_IO)
  79   2                              Data |= (0x01 << i);
  80   2              }
  81   1              DS1302_CE = 0;
  82   1              DS1302_IO = 0;
  83   1              
  84   1              return Data;
  85   1      }       
  86          
  87          /**
  88            * @brief  DS1302è®¾ç½®æ—¶é—´ï¼Œè°ƒç”¨ä¹‹åï¼ŒDS1302_Timeæ•°ç»„çš„æ•°å­—ä¼šè¢«è®¾ç½®åˆ°DS1302ä¸­
  89            * @param  æ— 
  90            * @retval æ— 
  91            */
  92          void DS1302_SetTime()
  93          {
  94   1              DS1302_Write(DS1302_WP, 0x00);
  95   1              DS1302_Write(DS1302_YEAR, DS1302_Time[0] / 10 * 16 + DS1302_Time[0] % 10);
  96   1              DS1302_Write(DS1302_MONTH, DS1302_Time[1] / 10 * 16 + DS1302_Time[1] % 10);
  97   1              DS1302_Write(DS1302_DATE, DS1302_Time[2] / 10 * 16 + DS1302_Time[2] % 10);
  98   1              DS1302_Write(DS1302_HOUR, DS1302_Time[3] / 10 * 16 + DS1302_Time[3] % 10);
  99   1              DS1302_Write(DS1302_MINUTE, DS1302_Time[4] / 10 * 16 + DS1302_Time[4] % 10);
 100   1              DS1302_Write(DS1302_SECOND, DS1302_Time[5] / 10 * 16 + DS1302_Time[5] % 10);
 101   1              DS1302_Write(DS1302_WP, 0x80);
 102   1      }
 103          
 104          /**
 105            * @brief  DS1302è¯»å–æ—¶é—´ï¼Œè°ƒç”¨ä¹‹åï¼ŒDS1302ä¸­çš„æ•°æ®ä¼šè¢«è¯»å–åˆ°DS1302_Timeæ•°ç»„ä¸­
 106            * @param  æ— 
 107            * @retval æ— 
 108            */
 109          void DS1302_ReadTime()
 110          {
 111   1              char tmp = 0;
 112   1              tmp = DS1302_Read(DS1302_YEAR);
 113   1              DS1302_Time[0] = tmp / 16 * 10 + tmp % 16;
 114   1              tmp = DS1302_Read(DS1302_MONTH);
 115   1              DS1302_Time[1] = tmp / 16 * 10 + tmp % 16;
C51 COMPILER V9.54   DS1302                                                                03/31/2023 09:02:59 PAGE 3   

 116   1              tmp = DS1302_Read(DS1302_DATE);
 117   1              DS1302_Time[2] = tmp / 16 * 10 + tmp % 16;
 118   1              tmp = DS1302_Read(DS1302_HOUR);
 119   1              DS1302_Time[3] = tmp / 16 * 10 + tmp % 16;
 120   1              tmp = DS1302_Read(DS1302_MINUTE);
 121   1              DS1302_Time[4] = tmp / 16 * 10 + tmp % 16;
 122   1              tmp = DS1302_Read(DS1302_SECOND);
 123   1              DS1302_Time[5] = tmp / 16 * 10 + tmp % 16;
 124   1      }


MODULE INFORMATION:   STATIC OVERLAYABLE
   CODE SIZE        =    545    ----
   CONSTANT SIZE    =   ----    ----
   XDATA SIZE       =   ----    ----
   PDATA SIZE       =   ----    ----
   DATA SIZE        =      6    ----
   IDATA SIZE       =   ----    ----
   BIT SIZE         =   ----    ----
END OF MODULE INFORMATION.


C51 COMPILATION COMPLETE.  0 WARNING(S),  0 ERROR(S)
