C51 COMPILER V9.54   KEY                                                                   03/30/2023 16:39:00 PAGE 1   


C51 COMPILER V9.54, COMPILATION OF MODULE KEY
OBJECT MODULE PLACED IN .\Objects\key.obj
COMPILER INVOKED BY: D:\51one-chip computer\C51\BIN\C51.EXE key.c OPTIMIZE(8,SPEED) BROWSE DEBUG OBJECTEXTEND PRINT(.\Li
                    -stings\key.lst) OBJECT(.\Objects\key.obj)

line level    source

   1          #include <REGX52.H>
   2          #include "delay.h"
   3          
   4          
   5          unsigned char key()
   6          {
   7   1              unsigned char KeyNumber = 0;
   8   1              if(P3_1 == 0){delay(20);while(P3_1 == 0);delay(20);KeyNumber = 1;}
   9   1              if(P3_0 == 0){delay(20);while(P3_0 == 0);delay(20);KeyNumber = 2;}
  10   1              if(P3_2 == 0){delay(20);while(P3_2 == 0);delay(20);KeyNumber = 3;}
  11   1              if(P3_3 == 0){delay(20);while(P3_3 == 0);delay(20);KeyNumber = 4;}
  12   1              
  13   1              return KeyNumber;
  14   1      }


MODULE INFORMATION:   STATIC OVERLAYABLE
   CODE SIZE        =     97    ----
   CONSTANT SIZE    =   ----    ----
   XDATA SIZE       =   ----    ----
   PDATA SIZE       =   ----    ----
   DATA SIZE        =   ----       1
   IDATA SIZE       =   ----    ----
   BIT SIZE         =   ----    ----
END OF MODULE INFORMATION.


C51 COMPILATION COMPLETE.  0 WARNING(S),  0 ERROR(S)
