C51 COMPILER V9.54   MAIN                                                                  03/31/2023 09:48:49 PAGE 1   


C51 COMPILER V9.54, COMPILATION OF MODULE MAIN
OBJECT MODULE PLACED IN .\Objects\main.obj
COMPILER INVOKED BY: D:\51one-chip computer\C51\BIN\C51.EXE main.c OPTIMIZE(8,SPEED) BROWSE DEBUG OBJECTEXTEND PRINT(.\L
                    -istings\main.lst) OBJECT(.\Objects\main.obj)

line level    source

   1          #include <REGX52.H>
   2          #include "DS1302.h"
   3          #include "LCD1602.h"
   4          #include "delay.h"
   5          #include "timer0.h"
   6          #include "key.h"
   7          
   8          unsigned char Mode, KeyNum, TimeSetSelect, Flag;
   9          
  10          void DS1302_ShowTime()
  11          {
  12   1              DS1302_ReadTime();
  13   1              LCD_ShowNum(1, 1, DS1302_Time[0], 2);
  14   1              LCD_ShowNum(1, 4, DS1302_Time[1], 2);
  15   1              LCD_ShowNum(1, 7, DS1302_Time[2], 2);
  16   1              LCD_ShowNum(2, 1, DS1302_Time[3], 2);
  17   1              LCD_ShowNum(2, 4, DS1302_Time[4], 2);
  18   1              LCD_ShowNum(2, 7, DS1302_Time[5], 2);
  19   1      }
  20          
  21          void DS1302_TimeSet()
  22          {
  23   1              if(KeyNum == 2)
  24   1              {
  25   2                      TimeSetSelect++;
  26   2                      TimeSetSelect %= 6;
  27   2              }
  28   1              if(KeyNum == 3)
  29   1              {
  30   2                      DS1302_Time[TimeSetSelect]++;
  31   2                      if(DS1302_Time[0] > 99)
  32   2                              DS1302_Time[0] = 0;
  33   2                      if(DS1302_Time[1] > 12)
  34   2                              DS1302_Time[1] = 1;
  35   2                      if( DS1302_Time[1]==1 || DS1302_Time[1]==3 || DS1302_Time[1]==5 || DS1302_Time[1]==7 || 
  36   2                              DS1302_Time[1]==8 || DS1302_Time[1]==10 || DS1302_Time[1]==12)
  37   2                      {
  38   3                              if(DS1302_Time[2] > 31)
  39   3                                      DS1302_Time[2] = 1;
  40   3                      }
  41   2                      else if(DS1302_Time[1]==4 || DS1302_Time[1]==6 || DS1302_Time[1]==9 || DS1302_Time[1]==11)
  42   2                      {
  43   3                              if(DS1302_Time[2] > 30)
  44   3                                      DS1302_Time[2] = 1;
  45   3                      }
  46   2                      else if(DS1302_Time[1]==2)
  47   2                      {
  48   3                              if(DS1302_Time[0] % 4 == 0)
  49   3                              {
  50   4                                      if(DS1302_Time[2] > 29){DS1302_Time[2] = 1;}//闰年2月
  51   4                              }
  52   3                              else
  53   3                              {
  54   4                                      if(DS1302_Time[2] > 28){DS1302_Time[2] = 1;}//平年2月
C51 COMPILER V9.54   MAIN                                                                  03/31/2023 09:48:49 PAGE 2   

  55   4                              }
  56   3                      }
  57   2                      if(DS1302_Time[3] > 23)
  58   2                              DS1302_Time[3] = 0;
  59   2                      if(DS1302_Time[4] > 59)
  60   2                              DS1302_Time[4] = 0;
  61   2                      if(DS1302_Time[5] > 59)
  62   2                              DS1302_Time[5] = 0;
  63   2              }
  64   1              if(KeyNum == 4)
  65   1              {
  66   2                      DS1302_Time[TimeSetSelect]--;
  67   2                      if(DS1302_Time[0] < 0)
  68   2                              DS1302_Time[0] = 99;
  69   2                      if(DS1302_Time[1] < 1)
  70   2                              DS1302_Time[1] = 12;
  71   2                      if( DS1302_Time[1]==1 || DS1302_Time[1]==3 || DS1302_Time[1]==5 || DS1302_Time[1]==7 || 
  72   2                              DS1302_Time[1]==8 || DS1302_Time[1]==10 || DS1302_Time[1]==12)
  73   2                      {
  74   3                              if(DS1302_Time[2] < 1)
  75   3                                      DS1302_Time[2] = 31;
  76   3                      }
  77   2                      else if(DS1302_Time[1]==4 || DS1302_Time[1]==6 || DS1302_Time[1]==9 || DS1302_Time[1]==11)
  78   2                      {
  79   3                              if(DS1302_Time[2] < 1)
  80   3                                      DS1302_Time[2] = 30;
  81   3                      }
  82   2                      else if(DS1302_Time[1]==2)
  83   2                      {
  84   3                              if(DS1302_Time[0] % 4 == 0)
  85   3                              {
  86   4                                      if(DS1302_Time[2] < 1){DS1302_Time[2] = 29;}//闰年2月
  87   4                                      if(DS1302_Time[2] > 29){DS1302_Time[2] = 1;}
  88   4                              }
  89   3                              else
  90   3                              {
  91   4                                      if(DS1302_Time[2] < 1){DS1302_Time[2] = 28;}//平年2月
  92   4                                      if(DS1302_Time[2] > 28){DS1302_Time[2] = 1;}
  93   4                              }
  94   3                      }
  95   2                      if(DS1302_Time[3] < 0)
  96   2                              DS1302_Time[3] = 59;
  97   2                      if(DS1302_Time[4] < 0)
  98   2                              DS1302_Time[4] = 59;
  99   2                      if(DS1302_Time[5] < 0)
 100   2                              DS1302_Time[5] = 59;
 101   2              }
 102   1              if(TimeSetSelect == 0 && Flag == 1)LCD_ShowString(1, 1, "  ");
 103   1              else LCD_ShowNum(1, 1, DS1302_Time[0]);
*** WARNING C209 IN LINE 103 OF main.c: '_LCD_ShowNum': too few actual parameters
 104   1              if(TimeSetSelect==1 && Flag==1){LCD_ShowString(1,4,"  ");}
 105   1              else {LCD_ShowNum(1,4,DS1302_Time[1],2);}
 106   1              if(TimeSetSelect==2 && Flag==1){LCD_ShowString(1,7,"  ");}
 107   1              else {LCD_ShowNum(1,7,DS1302_Time[2],2);}
 108   1              if(TimeSetSelect==3 && Flag==1){LCD_ShowString(2,1,"  ");}
 109   1              else {LCD_ShowNum(2,1,DS1302_Time[3],2);}
 110   1              if(TimeSetSelect==4 && Flag==1){LCD_ShowString(2,4,"  ");}
 111   1              else {LCD_ShowNum(2,4,DS1302_Time[4],2);}
 112   1              if(TimeSetSelect==5 && Flag==1){LCD_ShowString(2,7,"  ");}
 113   1              else {LCD_ShowNum(2,7,DS1302_Time[5],2);}
 114   1              DS1302_SetTime();
 115   1      }
C51 COMPILER V9.54   MAIN                                                                  03/31/2023 09:48:49 PAGE 3   

 116          
 117          void main()
 118          {
 119   1              LCD_Init();
 120   1              DS1302_Init();
 121   1              Timer0_Init();
 122   1              LCD_ShowString(1, 1, "  -  -  "); 
 123   1              LCD_ShowString(2, 1, "  :  :  "); 
 124   1              
 125   1              DS1302_SetTime();
 126   1              while(1)
 127   1              {
 128   2                      KeyNum = key();
 129   2                      if(KeyNum == 1)
 130   2                      {
 131   3                              if(Mode == 1)
 132   3                              {
 133   4                                      Mode = 0;
 134   4                                      TimeSetSelect = 0;
 135   4                              }
 136   3                              else if(Mode == 0)
 137   3                              {
 138   4                                      Mode = 1;
 139   4                                      DS1302_SetTime();
 140   4                              }
 141   3                      }
 142   2                      switch(Mode)
 143   2                      {
 144   3                              case 1:
 145   3                                      DS1302_TimeSet();
 146   3                                      break;
 147   3                              case 0:
 148   3                                      DS1302_ShowTime();
 149   3                                      break;
 150   3                      }
 151   2              }
 152   1      }
 153          
 154          void Timer0_Rountine() interrupt 1
 155          {
 156   1              static unsigned int count;
 157   1              TL0 = 0x66;
 158   1              TH0 = 0xFC;
 159   1              count++;
 160   1              if(count == 1000)
 161   1              {
 162   2                      count = 0;
 163   2                      Flag = !Flag;
 164   2              }
 165   1      }


MODULE INFORMATION:   STATIC OVERLAYABLE
   CODE SIZE        =    950    ----
   CONSTANT SIZE    =     21    ----
   XDATA SIZE       =   ----    ----
   PDATA SIZE       =   ----    ----
   DATA SIZE        =      6    ----
   IDATA SIZE       =   ----    ----
   BIT SIZE         =   ----    ----
END OF MODULE INFORMATION.


C51 COMPILATION COMPLETE.  1 WARNING(S),  0 ERROR(S)
