C51 COMPILER V9.54   AT24C02                                                               04/02/2023 14:54:51 PAGE 1   


C51 COMPILER V9.54, COMPILATION OF MODULE AT24C02
OBJECT MODULE PLACED IN .\Objects\AT24C02.obj
COMPILER INVOKED BY: D:\51one-chip computer\C51\BIN\C51.EXE AT24C02.c OPTIMIZE(8,SPEED) BROWSE DEBUG OBJECTEXTEND PRINT(
                    -.\Listings\AT24C02.lst) OBJECT(.\Objects\AT24C02.obj)

line level    source

   1          #include <REGX52.H>
   2          #include "I2C.h"
   3          
   4          #define AT24C02_ADDRESS         0xA0
   5          
   6          void AT24C02_Write(unsigned char Address, unsigned char Data)
   7          {
   8   1              I2C_Start();
   9   1              
  10   1              I2C_SendByte(AT24C02_ADDRESS);
  11   1              I2C_ReceiveAck();
  12   1              I2C_SendByte(Address);
  13   1              I2C_ReceiveAck();
  14   1              I2C_SendByte(Data);
  15   1              I2C_ReceiveAck();
  16   1              
  17   1              I2C_End();
  18   1      }
  19          
  20          unsigned char AT24C02_Read(unsigned char Address)
  21          {
  22   1              unsigned char Data = 0x00;
  23   1              I2C_Start();
  24   1              
  25   1              I2C_SendByte(AT24C02_ADDRESS);
  26   1              I2C_ReceiveAck();
  27   1              I2C_SendByte(Address);
  28   1              I2C_ReceiveAck();
  29   1              
  30   1              I2C_Start();
  31   1              
  32   1              I2C_SendByte(AT24C02_ADDRESS | 0x01);
  33   1              I2C_ReceiveAck();
  34   1              Data = I2C_ReceiveByte();
  35   1              I2C_SendAck(1);
  36   1              
  37   1              I2C_End();
  38   1              return Data;
  39   1      }


MODULE INFORMATION:   STATIC OVERLAYABLE
   CODE SIZE        =     85    ----
   CONSTANT SIZE    =   ----    ----
   XDATA SIZE       =   ----    ----
   PDATA SIZE       =   ----    ----
   DATA SIZE        =   ----       4
   IDATA SIZE       =   ----    ----
   BIT SIZE         =   ----    ----
END OF MODULE INFORMATION.


C51 COMPILATION COMPLETE.  0 WARNING(S),  0 ERROR(S)
