C51 COMPILER V9.54   MAIN                                                                  04/02/2023 16:35:44 PAGE 1   


C51 COMPILER V9.54, COMPILATION OF MODULE MAIN
OBJECT MODULE PLACED IN .\Objects\main.obj
COMPILER INVOKED BY: D:\51one-chip computer\C51\BIN\C51.EXE main.c OPTIMIZE(8,SPEED) BROWSE DEBUG OBJECTEXTEND PRINT(.\L
                    -istings\main.lst) OBJECT(.\Objects\main.obj)

line level    source

   1          #include <REGX52.H>
   2          #include "DS18B20.h"
   3          #include "AT24C02.h"
   4          #include "LCD1602.h"
   5          #include "key.h"
   6          #include "delay.h"
   7          #include "Timer0.h"
   8          
   9          unsigned char KeyNum;
  10          float Temperature;
  11          char Tlow,Thigh;
  12          
  13          void main()
  14          {
  15   1              LCD_Init();
  16   1              Timer0_Init();
  17   1              LCD_ShowString(1, 1, "T:");
  18   1              DS18B20_ConvetT();
  19   1              delay(1000);
  20   1              Thigh = AT24C02_Read(0);
  21   1              Tlow = AT24C02_Read(1);
  22   1              LCD_ShowString(2,1,"TH:");
  23   1              LCD_ShowString(2,9,"TL:");
  24   1              LCD_ShowSignedNum(2,4,Thigh,3);
  25   1              LCD_ShowSignedNum(2,12,Tlow,3);
  26   1              if(Thigh > 125 || Thigh <= Tlow || Tlow < -55)
  27   1              {
  28   2                      Thigh = 20;
  29   2                      Tlow = -15;
  30   2              }
  31   1              while(1)
  32   1              {
  33   2                      KeyNum = Key();
  34   2                      
  35   2                      DS18B20_ConvetT();
  36   2                      Temperature = DS18B20_ReadT();
  37   2                      if(Temperature < 0)
  38   2                      {
  39   3                              LCD_ShowChar(1, 3, '-');
  40   3                              Temperature = - Temperature;
  41   3                      }
  42   2                      else
  43   2                      {
  44   3                              LCD_ShowChar(1, 3, '+');
  45   3                      }
  46   2                      LCD_ShowNum(1, 4, Temperature, 3);
  47   2                      LCD_ShowChar(1, 7, '.');
  48   2                      LCD_ShowNum(1, 8, (unsigned long)(Temperature*10000)%10000, 4);
  49   2                      if(KeyNum == 1)
  50   2                      {
  51   3                              Thigh++;
  52   3                              if(Thigh > 125)
  53   3                                      Thigh = 125;
  54   3                      }
C51 COMPILER V9.54   MAIN                                                                  04/02/2023 16:35:44 PAGE 2   

  55   2                      if(KeyNum == 2)
  56   2                      {
  57   3                              Thigh--;
  58   3                              if(Thigh == Tlow)
  59   3                                      Thigh++;
  60   3                      }
  61   2                      if(KeyNum == 3)
  62   2                      {
  63   3                              Tlow++;
  64   3                              if(Tlow == Thigh)
  65   3                                      Tlow--;
  66   3                      }
  67   2                      if(KeyNum == 4)
  68   2                      {
  69   3                              Tlow--;
  70   3                              if(Tlow < -55)
  71   3                                      Tlow = -55;
  72   3                      }
  73   2                      LCD_ShowSignedNum(2,4,Thigh,3);
  74   2                      LCD_ShowSignedNum(2,12,Tlow,3);
  75   2                      AT24C02_Write(0, Thigh);
  76   2                      delay(5);
  77   2                      AT24C02_Write(1, Tlow);
  78   2                      delay(5);
  79   2              }
  80   1      }
  81          
  82          void Timer0_Routine() interrupt 1
  83          {
  84   1              static unsigned int T0Count;
  85   1              TL0 = 0x18;             //设置定时初值
  86   1              TH0 = 0xFC;             //设置定时初值
  87   1              T0Count++;
  88   1              if(T0Count>=20)
  89   1              {
  90   2                      T0Count=0;
  91   2                      Key_Loop();
  92   2              }
  93   1      }


MODULE INFORMATION:   STATIC OVERLAYABLE
   CODE SIZE        =    509    ----
   CONSTANT SIZE    =     11    ----
   XDATA SIZE       =   ----    ----
   PDATA SIZE       =   ----    ----
   DATA SIZE        =      9    ----
   IDATA SIZE       =   ----    ----
   BIT SIZE         =   ----    ----
END OF MODULE INFORMATION.


C51 COMPILATION COMPLETE.  0 WARNING(S),  0 ERROR(S)
