C51 COMPILER V9.54   ONEWIRE                                                               04/02/2023 16:35:44 PAGE 1   


C51 COMPILER V9.54, COMPILATION OF MODULE ONEWIRE
OBJECT MODULE PLACED IN .\Objects\OneWire.obj
COMPILER INVOKED BY: D:\51one-chip computer\C51\BIN\C51.EXE OneWire.c OPTIMIZE(8,SPEED) BROWSE DEBUG OBJECTEXTEND PRINT(
                    -.\Listings\OneWire.lst) OBJECT(.\Objects\OneWire.obj)

line level    source

   1          #include <REGX52.H>
   2          
   3          sbit OneWire_DQ = P3^7;
   4          
   5          unsigned char OneWire_Init()
   6          {
   7   1              unsigned char AckBit = 0;
   8   1              unsigned char i;
   9   1              EA = 0;
  10   1              OneWire_DQ = 1;
  11   1              OneWire_DQ = 0;
  12   1              i = 247;while (--i);
  13   1              OneWire_DQ = 1;
  14   1              i = 39;while (--i);
  15   1              AckBit = OneWire_DQ;
  16   1              i = 247;while (--i);
  17   1              EA = 1;
  18   1              
  19   1              return AckBit;
  20   1      }
  21          
  22          void OneWire_WriteBit(unsigned char Bit)
  23          {
  24   1              unsigned char i;
  25   1              EA = 0;
  26   1              OneWire_DQ = 0;
  27   1              i = 4;while (--i);
  28   1              OneWire_DQ = Bit;
  29   1              i = 24;while (--i);
  30   1              OneWire_DQ = 1;
  31   1              EA = 1;
  32   1      }
  33          
  34          unsigned char OneWire_ReadBit()
  35          {
  36   1              unsigned char Bit;
  37   1              unsigned char i;
  38   1              EA = 0;
  39   1              OneWire_DQ = 0;
  40   1              i = 2;while (--i);
  41   1              OneWire_DQ = 1;
  42   1              i = 2;while (--i);
  43   1              Bit = OneWire_DQ;
  44   1              i = 24;while (--i);
  45   1              EA = 1;
  46   1              
  47   1              return Bit;
  48   1      }
  49          
  50          void OneWire_WriteByte(unsigned Byte)
  51          {
  52   1              unsigned char i;
  53   1              for(i = 0; i < 8; i++)
  54   1              {
C51 COMPILER V9.54   ONEWIRE                                                               04/02/2023 16:35:44 PAGE 2   

  55   2                      OneWire_WriteBit(Byte & (0x01 << i));
  56   2              }
  57   1      }
  58          
  59          unsigned char OneWire_ReadByte()
  60          {
  61   1              unsigned char Byte = 0x00;
  62   1              unsigned char i;
  63   1              for(i = 0; i < 8; i++)
  64   1              {
  65   2                      if(OneWire_ReadBit())
  66   2                              Byte |= (0x01 << i);
  67   2              }
  68   1              return Byte;
  69   1      }


MODULE INFORMATION:   STATIC OVERLAYABLE
   CODE SIZE        =    138    ----
   CONSTANT SIZE    =   ----    ----
   XDATA SIZE       =   ----    ----
   PDATA SIZE       =   ----    ----
   DATA SIZE        =   ----    ----
   IDATA SIZE       =   ----    ----
   BIT SIZE         =   ----    ----
END OF MODULE INFORMATION.


C51 COMPILATION COMPLETE.  0 WARNING(S),  0 ERROR(S)
