C51 COMPILER V9.54   MAIN                                                                  04/08/2023 23:39:25 PAGE 1   


C51 COMPILER V9.54, COMPILATION OF MODULE MAIN
OBJECT MODULE PLACED IN .\Objects\main.obj
COMPILER INVOKED BY: D:\51one-chip computer\C51\BIN\C51.EXE main.c OPTIMIZE(8,SPEED) BROWSE DEBUG OBJECTEXTEND PRINT(.\L
                    -istings\main.lst) OBJECT(.\Objects\main.obj)

line level    source

   1          #include <REGX52.H>
   2          #include <delay.h>
   3          
   4          sbit ENA = P0^0;
   5          sbit IN1 = P0^1;
   6          sbit IN2 = P0^2;
   7          sbit IN3 = P0^3;
   8          sbit IN4 = P0^4;
   9          sbit ENB = P0^5;
  10          
  11          
  12          void main()
  13          {
  14   1              ENA = 1;
  15   1              IN1 = 0;
  16   1              IN2 = 1;
  17   1              ENB = 1;
  18   1              IN3 = 0;
  19   1              IN4 = 1;
  20   1              
  21   1              delay(2000);
  22   1              ENA = 0;
  23   1              ENB = 0;
  24   1              while(1)
  25   1              {
  26   2                      
  27   2              }
  28   1      }


MODULE INFORMATION:   STATIC OVERLAYABLE
   CODE SIZE        =     25    ----
   CONSTANT SIZE    =   ----    ----
   XDATA SIZE       =   ----    ----
   PDATA SIZE       =   ----    ----
   DATA SIZE        =   ----    ----
   IDATA SIZE       =   ----    ----
   BIT SIZE         =   ----    ----
END OF MODULE INFORMATION.


C51 COMPILATION COMPLETE.  0 WARNING(S),  0 ERROR(S)
