C51 COMPILER V9.54   CARRUN                                                                04/15/2023 22:06:02 PAGE 1   


C51 COMPILER V9.54, COMPILATION OF MODULE CARRUN
OBJECT MODULE PLACED IN .\Objects\CarRun.obj
COMPILER INVOKED BY: D:\51one-chip computer\C51\BIN\C51.EXE CarRun.c OPTIMIZE(8,SPEED) BROWSE DEBUG OBJECTEXTEND PRINT(.
                    -\Listings\CarRun.lst) OBJECT(.\Objects\CarRun.obj)

line level    source

   1          #include <REGX52.H>
   2          #include <motoset.h>
   3          
   4          void CarLeft()
   5          {
   6   1              Moto_Right_Up_Forward();
   7   1              Moto_Right_Under_Forward;
*** WARNING C275 IN LINE 7 OF CarRun.c: expression with possibly no effect
   8   1              Moto_Left_Up_Back();
   9   1              Moto_Left_Under_Back();
  10   1      }
  11          
  12          void CarRight()
  13          {
  14   1              Moto_Left_Up_Forward();
  15   1              Moto_Left_Under_Forward();
  16   1              Moto_Right_Up_Back();
  17   1              Moto_Right_Under_Back();
  18   1      }
  19          
  20          void CarGo()
  21          {
  22   1              Moto_Right_Up_Forward();
  23   1              Moto_Right_Under_Forward();
  24   1              Moto_Left_Up_Forward();
  25   1              Moto_Left_Under_Forward;
*** WARNING C275 IN LINE 25 OF CarRun.c: expression with possibly no effect
  26   1      }
  27          
  28          void CarBack()
  29          {
  30   1              Moto_Right_Up_Back();
  31   1              Moto_Right_Under_Back();
  32   1              Moto_Left_Up_Back();
  33   1              Moto_Left_Under_Back();
  34   1      }
  35          
  36          void CarStop()
  37          {
  38   1              Motto_Right_Up_Stop();
  39   1              Motto_Right_Under_Stop();
  40   1              Moto_Left_Up_Stop();
  41   1              Moto_Left_Under_Stop();
  42   1      }
  43          
  44          void Car_Left_Shift()
  45          {
  46   1              Moto_Right_Up_Forward();
  47   1              Moto_Right_Under_Forward();
  48   1              Moto_Left_Up_Stop();
  49   1              Moto_Left_Under_Stop();
  50   1      }
  51          
  52          void Car_Right_Shift()
C51 COMPILER V9.54   CARRUN                                                                04/15/2023 22:06:02 PAGE 2   

  53          {
  54   1              Moto_Left_Up_Forward();
  55   1              Moto_Left_Under_Forward();
  56   1              Motto_Right_Up_Stop();
  57   1              Motto_Right_Under_Stop();
  58   1      }


MODULE INFORMATION:   STATIC OVERLAYABLE
   CODE SIZE        =     78    ----
   CONSTANT SIZE    =   ----    ----
   XDATA SIZE       =   ----    ----
   PDATA SIZE       =   ----    ----
   DATA SIZE        =   ----    ----
   IDATA SIZE       =   ----    ----
   BIT SIZE         =   ----    ----
END OF MODULE INFORMATION.


C51 COMPILATION COMPLETE.  2 WARNING(S),  0 ERROR(S)
