C51 COMPILER V9.54   TIMER0                                                                04/15/2023 20:22:11 PAGE 1   


C51 COMPILER V9.54, COMPILATION OF MODULE TIMER0
OBJECT MODULE PLACED IN .\Objects\timer0.obj
COMPILER INVOKED BY: D:\51one-chip computer\C51\BIN\C51.EXE timer0.c OPTIMIZE(8,SPEED) BROWSE DEBUG OBJECTEXTEND PRINT(.
                    -\Listings\timer0.lst) OBJECT(.\Objects\timer0.obj)

line level    source

   1          #include <REGX52.H>
   2          
   3          void Timer0_Init(void)          //1毫秒@11.0592MHz
   4          {
   5   1              TMOD &= 0xF0;                   //设置定时器模式
   6   1              TMOD |= 0x01;                   //设置定时器模式
   7   1              TL0 = 0xD7;                             //设置定时初始值
   8   1              TH0 = 0xFD;                             //设置定时初始值
   9   1              TF0 = 0;                                //清除TF0标志
  10   1              TR0 = 1;                                //定时器0开始计时
  11   1              
  12   1              ET0 = 1;
  13   1              EA = 1;
  14   1              PT0 = 0;
  15   1      }
  16          
  17          //void Timer0_Rountine() interrupt 1
  18          //{
  19          //      static unsigned int count;
  20          //      TL0 = 0x66;
  21          //      TH0 = 0xFC;
  22          //      count++;
  23          //      if(count == 1000)
  24          //      {
  25          //              count = 0;
  26          //      }
  27          //}


MODULE INFORMATION:   STATIC OVERLAYABLE
   CODE SIZE        =     23    ----
   CONSTANT SIZE    =   ----    ----
   XDATA SIZE       =   ----    ----
   PDATA SIZE       =   ----    ----
   DATA SIZE        =   ----    ----
   IDATA SIZE       =   ----    ----
   BIT SIZE         =   ----    ----
END OF MODULE INFORMATION.


C51 COMPILATION COMPLETE.  0 WARNING(S),  0 ERROR(S)
