C51 COMPILER V9.54   I2C                                                                   03/31/2023 23:34:39 PAGE 1   


C51 COMPILER V9.54, COMPILATION OF MODULE I2C
OBJECT MODULE PLACED IN .\Objects\I2C.obj
COMPILER INVOKED BY: D:\51one-chip computer\C51\BIN\C51.EXE I2C.c OPTIMIZE(8,SPEED) BROWSE DEBUG OBJECTEXTEND PRINT(.\Li
                    -stings\I2C.lst) OBJECT(.\Objects\I2C.obj)

line level    source

   1          #include <REGX52.H>
   2          
   3          sbit I2C_SCL = P2^1;
   4          sbit I2C_SDA = P2^0;
   5          
   6          void I2C_Start()
   7          {
   8   1              I2C_SDA = 1;
   9   1              I2C_SCL = 1;
  10   1              I2C_SDA = 0;
  11   1              I2C_SCL = 0;
  12   1      }
  13          
  14          void I2C_End()
  15          {
  16   1              I2C_SDA = 0;
  17   1              I2C_SCL = 1;
  18   1              I2C_SDA = 1;
  19   1      }
  20          
  21          void I2C_SendByte(unsigned char Data)
  22          {
  23   1              unsigned char i = 0;
  24   1              for(i = 0; i < 8; i++)
  25   1              {
  26   2                      I2C_SDA = Data & (0x80 >> i);
  27   2                      I2C_SCL = 1;
  28   2                      I2C_SCL = 0;
  29   2              }
  30   1      }
  31          
  32          unsigned char I2C_ReceiveByte()
  33          {
  34   1              unsigned char Data = 0x00;
  35   1              unsigned char i = 0;
  36   1              I2C_SDA = 1;
  37   1              for(i = 0; i < 8; i++)
  38   1              {
  39   2                      I2C_SCL = 1;
  40   2                      if(I2C_SDA)
  41   2                              Data |= (0x80 >> i);
  42   2                      I2C_SCL = 0;
  43   2              }
  44   1              return Data;
  45   1      }
  46          
  47          void I2C_SendAck(unsigned char Ack)
  48          {
  49   1              I2C_SDA = Ack;
  50   1              I2C_SCL = 1;
  51   1              I2C_SCL = 0;
  52   1      }
  53          
  54          unsigned char I2C_ReceiveAck()
C51 COMPILER V9.54   I2C                                                                   03/31/2023 23:34:39 PAGE 2   

  55          {
  56   1              unsigned char Ack = 0;
  57   1              I2C_SDA = 1;
  58   1              I2C_SCL = 1;
  59   1              Ack = I2C_SDA;
  60   1              I2C_SCL = 0;
  61   1              return Ack;
  62   1      }


MODULE INFORMATION:   STATIC OVERLAYABLE
   CODE SIZE        =    109    ----
   CONSTANT SIZE    =   ----    ----
   XDATA SIZE       =   ----    ----
   PDATA SIZE       =   ----    ----
   DATA SIZE        =   ----    ----
   IDATA SIZE       =   ----    ----
   BIT SIZE         =   ----    ----
END OF MODULE INFORMATION.


C51 COMPILATION COMPLETE.  0 WARNING(S),  0 ERROR(S)
