C51 COMPILER V9.54   AD                                                                    04/05/2023 22:16:41 PAGE 1   


C51 COMPILER V9.54, COMPILATION OF MODULE AD
OBJECT MODULE PLACED IN .\Objects\AD.obj
COMPILER INVOKED BY: D:\51one-chip computer\C51\BIN\C51.EXE AD.c OPTIMIZE(8,SPEED) BROWSE DEBUG OBJECTEXTEND PRINT(.\Lis
                    -tings\AD.lst) OBJECT(.\Objects\AD.obj)

line level    source

   1          #include <REGX52.H>
   2          #include <SPI.H>
   3          #include <LCD1602.H>
   4          #include <Delay.H>
   5          
   6          #define AD_XP_8         0x9C
   7          #define AD_YP_8         0xDC
   8          #define AD_BAT_8        0xAC
   9          #define AD_AUX_8        0xEC
  10          
  11          unsigned int DATA;
  12          
  13          void main()
  14          {
  15   1              LCD_Init();
  16   1              LCD_ShowString(1, 1, "ADJ");
  17   1              LCD_ShowString(1, 5, "NTC");
  18   1              LCD_ShowString(1, 9, "GR");
  19   1              while(1)
  20   1              {
  21   2                      DATA = SPI_READ(AD_XP_8);
  22   2                      LCD_ShowNum(2, 1, DATA, 3);
  23   2                      DATA = SPI_READ(AD_YP_8);
  24   2                      LCD_ShowNum(2, 5, DATA, 3);
  25   2                      DATA = SPI_READ(AD_BAT_8);
  26   2                      LCD_ShowNum(2, 9, DATA, 3);
  27   2                      Delay(100);
  28   2              }
  29   1      }


MODULE INFORMATION:   STATIC OVERLAYABLE
   CODE SIZE        =    120    ----
   CONSTANT SIZE    =     11    ----
   XDATA SIZE       =   ----    ----
   PDATA SIZE       =   ----    ----
   DATA SIZE        =      2    ----
   IDATA SIZE       =   ----    ----
   BIT SIZE         =   ----    ----
END OF MODULE INFORMATION.


C51 COMPILATION COMPLETE.  0 WARNING(S),  0 ERROR(S)
